2016-07-13 10:35:40 INFO  Main:120 - Restarting Cache Server(s)
2016-07-13 10:36:12 INFO  Main:120 - Restarting Cache Server(s)
2016-07-13 10:38:12 INFO  Main:120 - Restarting Cache Server(s)
2016-07-13 10:44:03 INFO  Main:120 - Restarting Cache Server(s)
2016-07-13 10:45:10 INFO  Main:120 - Restarting Cache Server(s)
2016-07-13 10:45:36 INFO  Main:120 - Restarting Cache Server(s)
2016-07-13 10:51:19 INFO  Main:120 - Restarting Cache Server(s)
2016-07-13 10:51:19 INFO  Main:123 - There are2ports
2016-07-13 10:51:19 INFO  Main:125 - Restarting Cache server at port 6379
2016-07-13 10:51:19 INFO  Main:125 - Restarting Cache server at port 6380
2016-07-13 10:52:03 INFO  Main:120 - Restarting Cache Server(s)
2016-07-13 10:52:03 INFO  Main:123 - There are 2 ports
2016-07-13 10:52:03 INFO  Main:125 - Restarting Cache server at port 6379
2016-07-13 10:52:15 INFO  Main:125 - Restarting Cache server at port 6380
2016-07-13 10:52:31 INFO  Main:120 - Restarting Cache Server(s)
2016-07-13 10:52:31 INFO  Main:123 - There are 2 ports
2016-07-13 10:52:31 INFO  Main:125 - Restarting Cache server at port 6379
2016-07-13 10:52:31 INFO  Main:125 - Restarting Cache server at port 6380
2016-07-13 11:01:29 INFO  Main:120 - Restarting Cache Server(s)
2016-07-13 11:01:29 INFO  Main:123 - There are 2 ports
2016-07-13 11:01:29 INFO  Main:125 - Restarting Cache server at port 6379
2016-07-13 11:01:42 INFO  Main:125 - Restarting Cache server at port 6380
2016-07-13 11:01:54 INFO  Main:112 - Restarting gateway
2016-07-13 11:02:06 INFO  Main:89 - Locating vizqlserver-cluster workers from balancer-manager
2016-07-13 11:02:08 INFO  Main:22 - vizqlserver 0:0 http://localhost:9100
2016-07-13 11:02:08 INFO  Main:22 - vizqlserver 0:1 http://localhost:9101
2016-07-13 11:02:08 INFO  Main:28 - Graceful restart worker 0:0
2016-07-13 11:02:08 INFO  Main:29 - Switch worker to Draining mode
2016-07-13 11:02:08 INFO  Main:33 - Connecting to JMX endpoint jmx://localhost:9400
2016-07-13 11:02:08 INFO  Main:53 - No active sessions.
2016-07-13 11:02:09 INFO  Main:61 - Sending stop signal to process 5776. Sleeping 60 secs
2016-07-13 11:02:21 INFO  Main:65 - Switch worker to Non-disabled mode
2016-07-13 11:02:21 INFO  Main:78 - Graceful restart complete
2016-07-13 11:02:21 INFO  Main:28 - Graceful restart worker 0:1
2016-07-13 11:02:21 INFO  Main:29 - Switch worker to Draining mode
2016-07-13 11:02:21 INFO  Main:33 - Connecting to JMX endpoint jmx://localhost:9401
2016-07-13 11:02:21 INFO  Main:53 - No active sessions.
2016-07-13 11:02:22 INFO  Main:61 - Sending stop signal to process 6784. Sleeping 60 secs
2016-07-13 11:02:35 INFO  Main:65 - Switch worker to Non-disabled mode
2016-07-13 11:02:35 INFO  Main:78 - Graceful restart complete
2016-07-13 11:02:35 INFO  Main:102 - Locating dataserever-cluster workers from balancer-manager
2016-07-13 11:02:35 INFO  Main:22 - vizqlserver 0:0 http://localhost:9700
2016-07-13 11:02:35 INFO  Main:22 - vizqlserver 0:1 http://localhost:9701
2016-07-13 11:02:35 INFO  Main:28 - Graceful restart worker 0:0
2016-07-13 11:02:35 INFO  Main:29 - Switch worker to Draining mode
2016-07-13 11:02:35 INFO  Main:33 - Connecting to JMX endpoint jmx://localhost:10000
2016-07-13 11:02:35 INFO  Main:53 - No active sessions.
2016-07-13 11:02:37 INFO  Main:61 - Sending stop signal to process 19228. Sleeping 60 secs
2016-07-13 11:02:51 INFO  Main:65 - Switch worker to Non-disabled mode
2016-07-13 11:02:51 INFO  Main:78 - Graceful restart complete
2016-07-13 11:02:52 FATAL Main:117 - Connection refused to host: 192.168.224.137; nested exception is: 
	java.net.ConnectException: Connection refused: connect
2016-07-13 11:15:12 INFO  Main:89 - Locating vizqlserver-cluster workers from balancer-manager
2016-07-13 11:15:13 INFO  Main:66 - IO error:Failed to retrieve RMIServer stub: javax.naming.NameNotFoundException: jmxrmiERROR
Retrying...
2016-07-13 11:15:25 INFO  Main:66 - IO error:Failed to retrieve RMIServer stub: javax.naming.NameNotFoundException: jmxrmiERROR
Retrying...
2016-07-13 11:15:37 INFO  Main:66 - IO error:Failed to retrieve RMIServer stub: javax.naming.NameNotFoundException: jmxrmiERROR
Retrying...
2016-07-13 11:15:49 INFO  Main:66 - IO error:Failed to retrieve RMIServer stub: javax.naming.NameNotFoundException: jmxrmiERROR
Retrying...
2016-07-13 11:16:01 FATAL Main:117 - Failed to retrieve RMIServer stub: javax.naming.NameNotFoundException: jmxrmiERROR
2016-07-13 11:17:39 INFO  Main:89 - Locating vizqlserver-cluster workers from balancer-manager
2016-07-13 11:18:14 INFO  Main:89 - Locating vizqlserver-cluster workers from balancer-manager
2016-07-13 11:19:37 INFO  Main:66 - IO error:Connection refused to host: 192.168.224.137; nested exception is: 
	java.net.ConnectException: Connection refused: connect
Retrying...
2016-07-13 11:24:30 INFO  Main:120 - Restarting Cache Server(s)
2016-07-13 11:24:30 INFO  Main:123 - There are 2 ports
2016-07-13 11:24:30 INFO  Main:125 - Restarting Cache server at port 6379
2016-07-13 11:24:42 INFO  Main:125 - Restarting Cache server at port 6380
2016-07-13 11:24:54 INFO  Main:112 - Restarting Gateway
2016-07-13 11:25:08 INFO  Main:89 - Locating vizqlserver-cluster workers from balancer-manager
2016-07-13 12:02:27 INFO  Main:89 - Locating vizqlserver-cluster workers from balancer-manager
2016-07-13 12:03:07 INFO  Main:87 - Locating vizqlserver-cluster workers from balancer-manager
2016-07-13 13:49:54 INFO  Main:86 - Locating vizqlserver-cluster workers from balancer-manager
2016-07-13 13:57:56 INFO  Main:86 - Locating vizqlserver-cluster workers from balancer-manager
2016-07-13 13:58:03 INFO  Main:67 - IO error:Connection refused to host: 192.168.224.137; nested exception is: 
	java.net.ConnectException: Connection refused: connect
Retrying...
2016-07-13 14:00:02 INFO  Main:86 - Locating vizqlserver-cluster workers from balancer-manager
2016-07-13 14:00:59 INFO  Main:86 - Locating vizqlserver-cluster workers from balancer-manager
2016-07-13 14:03:39 INFO  Main:86 - Locating vizqlserver-cluster workers from balancer-manager
2016-07-13 14:04:45 INFO  Main:86 - Locating vizqlserver-cluster workers from balancer-manager
2016-07-13 14:04:52 INFO  Main:86 - Locating vizqlserver-cluster workers from balancer-manager
2016-07-13 14:04:58 INFO  Main:86 - Locating vizqlserver-cluster workers from balancer-manager
2016-07-13 14:07:44 INFO  Main:67 - IO error:Connection refused to host: 192.168.224.137; nested exception is: 
	java.net.ConnectException: Connection refused: connect
Retrying...
2016-07-13 14:09:24 INFO  Main:86 - Locating vizqlserver-cluster workers from balancer-manager
2016-07-13 14:09:55 INFO  Main:86 - Locating vizqlserver-cluster workers from balancer-manager
2016-07-13 14:10:24 INFO  Main:86 - Locating vizqlserver-cluster workers from balancer-manager
2016-07-13 14:27:58 INFO  Main:86 - Locating vizqlserver-cluster workers from balancer-manager
2016-07-13 14:29:02 INFO  Main:67 - IO error:Connection refused to host: 192.168.224.137; nested exception is: 
	java.net.ConnectException: Connection refused: connect
Retrying...
2016-07-13 14:31:51 INFO  Main:86 - Locating vizqlserver-cluster workers from balancer-manager
2016-07-13 14:32:24 INFO  Main:86 - Locating vizqlserver-cluster workers from balancer-manager
2016-07-13 14:44:48 INFO  Main:86 - Locating vizqlserver-cluster workers from balancer-manager
2016-07-13 14:51:36 INFO  Main:86 - Locating vizqlserver-cluster workers from balancer-manager
2016-07-13 14:53:10 INFO  Main:86 - Locating vizqlserver-cluster workers from balancer-manager
2016-07-13 14:55:29 INFO  Main:86 - Locating vizqlserver-cluster workers from balancer-manager
2016-07-13 14:57:24 INFO  Main:86 - Locating vizqlserver-cluster workers from balancer-manager
2016-07-13 14:58:43 INFO  Main:86 - Locating vizqlserver-cluster workers from balancer-manager
2016-07-13 14:59:07 INFO  Main:21 - vizqlserver 0:0 http://localhost:9100
2016-07-13 14:59:07 INFO  Main:27 - Graceful restart worker 0:0
2016-07-13 14:59:07 INFO  Main:28 - Switch worker to Draining mode
2016-07-13 14:59:07 INFO  Main:32 - Connecting to JMX endpoint jmx://localhost:9400
2016-07-13 14:59:11 INFO  Main:50 - No active sessions.
2016-07-13 14:59:12 INFO  Main:58 - Sending stop signal to process 3172. Sleeping 60 secs
2016-07-13 14:59:24 INFO  Main:62 - Switch worker to Non-disabled mode
2016-07-13 14:59:24 INFO  Main:75 - Graceful restart complete
2016-07-13 15:01:04 INFO  Main:86 - Locating vizqlserver-cluster workers from balancer-manager
2016-07-13 15:01:31 INFO  Main:21 - vizqlserver 0:0 http://localhost:9100
2016-07-13 15:01:31 INFO  Main:27 - Graceful restart worker 0:0
2016-07-13 15:01:31 INFO  Main:28 - Switch worker to Draining mode
2016-07-13 15:01:31 INFO  Main:32 - Connecting to JMX endpoint jmx://localhost:9400
2016-07-13 15:01:47 INFO  Main:50 - No active sessions.
2016-07-13 15:01:47 INFO  Main:58 - Sending stop signal to process 63104. Sleeping 60 secs
2016-07-13 15:01:59 INFO  Main:62 - Switch worker to Non-disabled mode
2016-07-13 15:02:01 INFO  Main:75 - Graceful restart complete
2016-07-13 15:06:25 INFO  Main:116 - Restarting Cache Server(s)
2016-07-13 15:06:25 INFO  Main:119 - There are 2 ports
2016-07-13 15:06:25 INFO  Main:121 - Restarting Cache server at port 6379
2016-07-13 15:06:37 INFO  Main:121 - Restarting Cache server at port 6380
2016-07-13 15:06:49 INFO  Main:108 - Restarting Gateway
2016-07-13 15:07:01 INFO  Main:86 - Locating vizqlserver-cluster workers from balancer-manager
2016-07-13 15:07:02 INFO  Main:21 - vizqlserver 0:0 http://localhost:9100
2016-07-13 15:07:02 INFO  Main:27 - Graceful restart worker 0:0
2016-07-13 15:07:02 INFO  Main:28 - Switch worker to Draining mode
2016-07-13 15:07:02 INFO  Main:32 - Connecting to JMX endpoint jmx://localhost:9400
2016-07-13 15:07:02 INFO  Main:50 - No active sessions.
2016-07-13 15:07:03 INFO  Main:58 - Sending stop signal to process 146008. Sleeping 60 secs
2016-07-13 15:07:15 INFO  Main:62 - Switch worker to Non-disabled mode
2016-07-13 15:07:15 INFO  Main:75 - Graceful restart complete
2016-07-13 15:07:15 INFO  Main:98 - Locating dataserever-cluster workers from balancer-manager
2016-07-13 15:07:15 INFO  Main:21 - vizqlserver 0:0 http://localhost:9700
2016-07-13 15:07:15 INFO  Main:27 - Graceful restart worker 0:0
2016-07-13 15:07:15 INFO  Main:28 - Switch worker to Draining mode
2016-07-13 15:07:15 INFO  Main:32 - Connecting to JMX endpoint jmx://localhost:10000
2016-07-13 15:07:15 INFO  Main:50 - No active sessions.
2016-07-13 15:07:16 INFO  Main:58 - Sending stop signal to process 3104. Sleeping 60 secs
2016-07-13 15:07:28 INFO  Main:62 - Switch worker to Non-disabled mode
2016-07-13 15:07:28 INFO  Main:75 - Graceful restart complete
2016-07-13 15:13:10 INFO  Main:86 - Locating vizqlserver-cluster workers from balancer-manager
2016-07-13 15:13:13 FATAL Main:117 - Connect to localhost:80 [localhost/127.0.0.1, localhost/0:0:0:0:0:0:0:1] failed: Connection refused: connect
2016-07-13 15:21:59 INFO  Main:86 - Locating vizqlserver-cluster workers from balancer-manager
2016-07-13 15:22:00 INFO  Main:21 - vizqlserver 0:0 http://localhost:9100
2016-07-13 15:22:00 INFO  Main:21 - vizqlserver 0:1 http://localhost:9101
2016-07-13 15:22:00 INFO  Main:27 - Graceful restart worker 0:0
2016-07-13 15:22:00 INFO  Main:28 - Switch worker to Draining mode
2016-07-13 15:22:00 INFO  Main:32 - Connecting to JMX endpoint jmx://localhost:9400
2016-07-13 15:22:00 INFO  Main:50 - No active sessions.
2016-07-13 15:22:01 INFO  Main:58 - Sending stop signal to process 18980. Sleeping 60 secs
2016-07-13 15:22:13 INFO  Main:62 - Switch worker to Non-disabled mode
2016-07-13 15:22:13 INFO  Main:75 - Graceful restart complete
2016-07-13 15:22:13 INFO  Main:27 - Graceful restart worker 0:1
2016-07-13 15:22:13 INFO  Main:28 - Switch worker to Draining mode
2016-07-13 15:22:13 INFO  Main:32 - Connecting to JMX endpoint jmx://localhost:9401
2016-07-13 15:22:14 INFO  Main:50 - No active sessions.
2016-07-13 15:22:15 INFO  Main:58 - Sending stop signal to process 29968. Sleeping 60 secs
2016-07-13 15:22:27 INFO  Main:62 - Switch worker to Non-disabled mode
2016-07-13 15:22:28 INFO  Main:75 - Graceful restart complete
2016-07-13 15:22:39 INFO  Main:86 - Locating vizqlserver-cluster workers from balancer-manager
2016-07-13 15:22:40 FATAL Main:117 - Cannot found the required MBean service:jmx:rmi:///jndi/rmi://:9400/jmxrmi:tableau.health.jmx:name=vizqlservice
2016-07-13 15:30:59 INFO  Main:86 - Locating vizqlserver-cluster workers from balancer-manager
2016-07-13 15:31:00 INFO  Main:21 - vizqlserver 0:0 http://localhost:9100
2016-07-13 15:31:00 INFO  Main:21 - vizqlserver 0:1 http://localhost:9101
2016-07-13 15:31:00 INFO  Main:27 - Graceful restart worker 0:0
2016-07-13 15:31:00 INFO  Main:28 - Switch worker to Draining mode
2016-07-13 15:31:00 INFO  Main:32 - Connecting to JMX endpoint jmx://localhost:9400
2016-07-13 15:31:00 INFO  Main:50 - No active sessions.
2016-07-13 15:31:01 INFO  Main:58 - Sending stop signal to process 31596. Sleeping 60 secs
2016-07-13 15:31:13 INFO  Main:62 - Switch worker to Non-disabled mode
2016-07-13 15:31:13 INFO  Main:75 - Graceful restart complete
2016-07-13 15:31:13 INFO  Main:27 - Graceful restart worker 0:1
2016-07-13 15:31:13 INFO  Main:28 - Switch worker to Draining mode
2016-07-13 15:31:13 INFO  Main:32 - Connecting to JMX endpoint jmx://localhost:9401
2016-07-13 15:31:13 INFO  Main:50 - No active sessions.
2016-07-13 15:31:14 INFO  Main:58 - Sending stop signal to process 61636. Sleeping 60 secs
2016-07-13 15:31:27 INFO  Main:62 - Switch worker to Non-disabled mode
2016-07-13 15:31:27 INFO  Main:75 - Graceful restart complete
2016-07-13 15:31:31 INFO  Main:86 - Locating vizqlserver-cluster workers from balancer-manager
2016-07-13 15:31:32 INFO  Main:125 - Cannot found the required MBean service:jmx:rmi:///jndi/rmi://:9400/jmxrmi:tableau.health.jmx:name=vizqlservice
Retrying...
2016-07-13 15:31:45 INFO  Main:125 - Cannot found the required MBean service:jmx:rmi:///jndi/rmi://:9400/jmxrmi:tableau.health.jmx:name=vizqlservice
Retrying...
2016-07-13 15:31:57 INFO  Main:125 - Cannot found the required MBean service:jmx:rmi:///jndi/rmi://:9400/jmxrmi:tableau.health.jmx:name=vizqlservice
Retrying...
2016-07-13 15:32:09 FATAL Main:117 - Cannot found the required MBean service:jmx:rmi:///jndi/rmi://:9400/jmxrmi:tableau.health.jmx:name=vizqlservice
2016-07-13 15:32:17 INFO  Main:86 - Locating vizqlserver-cluster workers from balancer-manager
2016-07-13 15:32:28 INFO  Main:21 - vizqlserver 0:0 http://localhost:9100
2016-07-13 15:32:28 INFO  Main:21 - vizqlserver 0:1 http://localhost:9101
2016-07-13 15:32:28 INFO  Main:27 - Graceful restart worker 0:0
2016-07-13 15:32:28 INFO  Main:28 - Switch worker to Draining mode
2016-07-13 15:32:28 INFO  Main:32 - Connecting to JMX endpoint jmx://localhost:9400
2016-07-13 15:32:28 INFO  Main:50 - No active sessions.
2016-07-13 15:32:29 INFO  Main:58 - Sending stop signal to process 177204. Sleeping 60 secs
2016-07-13 15:32:41 INFO  Main:62 - Switch worker to Non-disabled mode
2016-07-13 15:32:41 INFO  Main:75 - Graceful restart complete
2016-07-13 15:32:41 INFO  Main:27 - Graceful restart worker 0:1
2016-07-13 15:32:41 INFO  Main:28 - Switch worker to Draining mode
2016-07-13 15:32:41 INFO  Main:32 - Connecting to JMX endpoint jmx://localhost:9401
2016-07-13 15:32:41 INFO  Main:50 - No active sessions.
2016-07-13 15:32:42 INFO  Main:58 - Sending stop signal to process 159668. Sleeping 60 secs
2016-07-13 15:32:55 INFO  Main:62 - Switch worker to Non-disabled mode
2016-07-13 15:32:55 INFO  Main:75 - Graceful restart complete
2016-07-13 15:32:56 FATAL Main:117 - Connection refused to host: 192.168.224.137; nested exception is: 
	java.net.ConnectException: Connection refused: connect
2016-07-13 15:33:32 INFO  Main:86 - Locating vizqlserver-cluster workers from balancer-manager
2016-07-13 15:33:36 INFO  Main:125 - Cannot found the required MBean service:jmx:rmi:///jndi/rmi://:9401/jmxrmi:tableau.health.jmx:name=vizqlservice
Retrying...
2016-07-13 15:33:49 INFO  Main:125 - Cannot found the required MBean service:jmx:rmi:///jndi/rmi://:9401/jmxrmi:tableau.health.jmx:name=vizqlservice
Retrying...
2016-07-13 15:34:02 INFO  Main:21 - vizqlserver 0:0 http://localhost:9100
2016-07-13 15:34:02 INFO  Main:21 - vizqlserver 0:1 http://localhost:9101
2016-07-13 15:34:02 INFO  Main:27 - Graceful restart worker 0:0
2016-07-13 15:34:02 INFO  Main:28 - Switch worker to Draining mode
2016-07-13 15:34:02 INFO  Main:32 - Connecting to JMX endpoint jmx://localhost:9400
2016-07-13 15:34:02 INFO  Main:50 - No active sessions.
2016-07-13 15:34:03 INFO  Main:58 - Sending stop signal to process 71832. Sleeping 60 secs
2016-07-13 15:34:16 INFO  Main:62 - Switch worker to Non-disabled mode
2016-07-13 15:34:16 INFO  Main:75 - Graceful restart complete
2016-07-13 15:34:16 INFO  Main:27 - Graceful restart worker 0:1
2016-07-13 15:34:16 INFO  Main:28 - Switch worker to Draining mode
2016-07-13 15:34:16 INFO  Main:32 - Connecting to JMX endpoint jmx://localhost:9401
2016-07-13 15:34:16 INFO  Main:50 - No active sessions.
2016-07-13 15:34:17 INFO  Main:58 - Sending stop signal to process 81580. Sleeping 60 secs
2016-07-13 15:34:30 INFO  Main:62 - Switch worker to Non-disabled mode
2016-07-13 15:34:30 INFO  Main:75 - Graceful restart complete
2016-07-13 15:37:29 INFO  Main:86 - Locating vizqlserver-cluster workers from balancer-manager
2016-07-13 15:37:30 INFO  Main:21 - vizqlserver 0:0 http://localhost:9100
2016-07-13 15:37:30 INFO  Main:21 - vizqlserver 0:1 http://localhost:9101
2016-07-13 15:37:30 INFO  Main:27 - Gracefully restarting worker 0:0
2016-07-13 15:37:30 INFO  Main:28 - Switching worker to Draining mode
2016-07-13 15:37:30 INFO  Main:32 - Connecting to JMX endpoint jmx://localhost:9400
2016-07-13 15:37:30 INFO  Main:50 - No active sessions.
2016-07-13 15:37:30 INFO  Main:58 - Sending stop signal to process 91372. Sleeping 60 secs
2016-07-13 15:37:31 INFO  Main:62 - Switch worker to Non-disabled mode
2016-07-13 15:37:31 INFO  Main:75 - Graceful restart complete
2016-07-13 15:37:32 FATAL Main:117 - Connection refused to host: 192.168.224.137; nested exception is: 
	java.net.ConnectException: Connection refused: connect
2016-07-13 15:37:36 INFO  Main:86 - Locating vizqlserver-cluster workers from balancer-manager
2016-07-13 15:37:37 INFO  Main:125 - Cannot found the required MBean service:jmx:rmi:///jndi/rmi://:9400/jmxrmi:tableau.health.jmx:name=vizqlservice
Retrying...
2016-07-13 15:37:37 INFO  Main:125 - Cannot found the required MBean service:jmx:rmi:///jndi/rmi://:9400/jmxrmi:tableau.health.jmx:name=vizqlservice
Retrying...
2016-07-13 15:37:38 INFO  Main:125 - Cannot found the required MBean service:jmx:rmi:///jndi/rmi://:9400/jmxrmi:tableau.health.jmx:name=vizqlservice
Retrying...
2016-07-13 15:37:39 FATAL Main:117 - Cannot found the required MBean service:jmx:rmi:///jndi/rmi://:9400/jmxrmi:tableau.health.jmx:name=vizqlservice
2016-07-13 15:37:41 INFO  Main:86 - Locating vizqlserver-cluster workers from balancer-manager
2016-07-13 15:37:42 INFO  Main:125 - Cannot found the required MBean service:jmx:rmi:///jndi/rmi://:9400/jmxrmi:tableau.health.jmx:name=vizqlservice
Retrying...
2016-07-13 15:37:43 INFO  Main:125 - Cannot found the required MBean service:jmx:rmi:///jndi/rmi://:9400/jmxrmi:tableau.health.jmx:name=vizqlservice
Retrying...
2016-07-13 15:37:43 INFO  Main:125 - Cannot found the required MBean service:jmx:rmi:///jndi/rmi://:9400/jmxrmi:tableau.health.jmx:name=vizqlservice
Retrying...
2016-07-13 15:37:44 FATAL Main:117 - Cannot found the required MBean service:jmx:rmi:///jndi/rmi://:9400/jmxrmi:tableau.health.jmx:name=vizqlservice
2016-07-13 15:37:47 INFO  Main:86 - Locating vizqlserver-cluster workers from balancer-manager
2016-07-13 15:37:50 INFO  Main:125 - Cannot found the required MBean service:jmx:rmi:///jndi/rmi://:9400/jmxrmi:tableau.health.jmx:name=vizqlservice
Retrying...
2016-07-13 15:37:51 INFO  Main:125 - Cannot found the required MBean service:jmx:rmi:///jndi/rmi://:9400/jmxrmi:tableau.health.jmx:name=vizqlservice
Retrying...
2016-07-13 15:37:51 INFO  Main:125 - Cannot found the required MBean service:jmx:rmi:///jndi/rmi://:9400/jmxrmi:tableau.health.jmx:name=vizqlservice
Retrying...
2016-07-13 15:37:52 FATAL Main:117 - Cannot found the required MBean service:jmx:rmi:///jndi/rmi://:9400/jmxrmi:tableau.health.jmx:name=vizqlservice
2016-07-13 15:37:57 INFO  Main:86 - Locating vizqlserver-cluster workers from balancer-manager
2016-07-13 15:37:58 INFO  Main:125 - Cannot found the required MBean service:jmx:rmi:///jndi/rmi://:9400/jmxrmi:tableau.health.jmx:name=vizqlservice
Retrying...
2016-07-13 15:37:58 INFO  Main:125 - Cannot found the required MBean service:jmx:rmi:///jndi/rmi://:9400/jmxrmi:tableau.health.jmx:name=vizqlservice
Retrying...
2016-07-13 15:37:59 INFO  Main:125 - Cannot found the required MBean service:jmx:rmi:///jndi/rmi://:9400/jmxrmi:tableau.health.jmx:name=vizqlservice
Retrying...
2016-07-13 15:37:59 FATAL Main:117 - Cannot found the required MBean service:jmx:rmi:///jndi/rmi://:9400/jmxrmi:tableau.health.jmx:name=vizqlservice
2016-07-13 15:38:15 INFO  Main:86 - Locating vizqlserver-cluster workers from balancer-manager
2016-07-13 15:38:17 INFO  Main:21 - vizqlserver 0:0 http://localhost:9100
2016-07-13 15:38:17 INFO  Main:21 - vizqlserver 0:1 http://localhost:9101
2016-07-13 15:38:17 INFO  Main:27 - Gracefully restarting worker 0:0
2016-07-13 15:38:17 INFO  Main:28 - Switching worker to Draining mode
2016-07-13 15:38:17 INFO  Main:32 - Connecting to JMX endpoint jmx://localhost:9400
2016-07-13 15:38:18 INFO  Main:50 - No active sessions.
2016-07-13 15:38:20 INFO  Main:58 - Sending stop signal to process 154152. Sleeping 60 secs
2016-07-13 15:38:21 INFO  Main:62 - Switch worker to Non-disabled mode
2016-07-13 15:38:21 INFO  Main:75 - Graceful restart complete
2016-07-13 15:38:22 FATAL Main:117 - Connection refused to host: 192.168.224.137; nested exception is: 
	java.net.ConnectException: Connection refused: connect
2016-07-13 15:39:58 INFO  Main:86 - Locating vizqlserver-cluster workers from balancer-manager
2016-07-13 15:39:59 INFO  Main:21 - vizqlserver 0:0 http://localhost:9100
2016-07-13 15:39:59 INFO  Main:21 - vizqlserver 0:1 http://localhost:9101
2016-07-13 15:39:59 INFO  Main:27 - Gracefully restarting worker 0:0
2016-07-13 15:39:59 INFO  Main:28 - Switching worker to Draining mode
2016-07-13 15:39:59 INFO  Main:32 - Connecting to JMX endpoint jmx://localhost:9400
2016-07-13 15:39:59 INFO  Main:50 - No active sessions.
2016-07-13 15:39:59 INFO  Main:58 - Sending stop signal to process 15800. Sleeping 60 secs
2016-07-13 15:40:00 INFO  Main:62 - Switch worker to Non-disabled mode
2016-07-13 15:40:00 INFO  Main:75 - Graceful restart complete
2016-07-13 15:40:01 FATAL Main:117 - Connection refused to host: 192.168.224.137; nested exception is: 
	java.net.ConnectException: Connection refused: connect
2016-07-13 15:40:09 INFO  Main:86 - Locating vizqlserver-cluster workers from balancer-manager
2016-07-13 15:40:10 INFO  Main:125 - Cannot found the required MBean service:jmx:rmi:///jndi/rmi://:9400/jmxrmi:tableau.health.jmx:name=vizqlservice
Retrying...
2016-07-13 15:40:11 INFO  Main:125 - Cannot found the required MBean service:jmx:rmi:///jndi/rmi://:9400/jmxrmi:tableau.health.jmx:name=vizqlservice
Retrying...
2016-07-13 15:40:12 INFO  Main:125 - Cannot found the required MBean service:jmx:rmi:///jndi/rmi://:9400/jmxrmi:tableau.health.jmx:name=vizqlservice
Retrying...
2016-07-13 15:40:12 FATAL Main:117 - Cannot found the required MBean service:jmx:rmi:///jndi/rmi://:9400/jmxrmi:tableau.health.jmx:name=vizqlservice
2016-07-13 15:41:23 INFO  Main:86 - Locating vizqlserver-cluster workers from balancer-manager
2016-07-13 15:41:24 INFO  Main:21 - vizqlserver 0:0 http://localhost:9100
2016-07-13 15:41:24 INFO  Main:21 - vizqlserver 0:1 http://localhost:9101
2016-07-13 15:41:30 INFO  Main:27 - Gracefully restarting worker 0:0
2016-07-13 15:41:30 INFO  Main:28 - Switching worker to Draining mode
2016-07-13 15:41:30 INFO  Main:32 - Connecting to JMX endpoint jmx://localhost:9400
2016-07-13 15:41:30 INFO  Main:50 - No active sessions.
2016-07-13 15:41:30 INFO  Main:58 - Sending stop signal to process 205408. Sleeping 60 secs
2016-07-13 15:41:31 INFO  Main:62 - Switch worker to Non-disabled mode
2016-07-13 15:41:31 INFO  Main:75 - Graceful restart complete
2016-07-13 15:41:32 FATAL Main:117 - Connection refused to host: 192.168.224.137; nested exception is: 
	java.net.ConnectException: Connection refused: connect
2016-07-13 15:42:11 INFO  Main:86 - Locating vizqlserver-cluster workers from balancer-manager
2016-07-13 15:42:12 INFO  Main:125 - Cannot found the required MBean service:jmx:rmi:///jndi/rmi://:9400/jmxrmi:tableau.health.jmx:name=vizqlservice
Retrying...
2016-07-13 15:42:12 INFO  Main:125 - Cannot found the required MBean service:jmx:rmi:///jndi/rmi://:9400/jmxrmi:tableau.health.jmx:name=vizqlservice
Retrying...
2016-07-13 15:42:13 INFO  Main:125 - Cannot found the required MBean service:jmx:rmi:///jndi/rmi://:9400/jmxrmi:tableau.health.jmx:name=vizqlservice
Retrying...
2016-07-13 15:42:14 FATAL Main:117 - Cannot found the required MBean service:jmx:rmi:///jndi/rmi://:9400/jmxrmi:tableau.health.jmx:name=vizqlservice
2016-07-13 15:42:37 INFO  Main:86 - Locating vizqlserver-cluster workers from balancer-manager
2016-07-13 15:42:38 INFO  Main:21 - vizqlserver 0:0 http://localhost:9100
2016-07-13 15:42:38 INFO  Main:21 - vizqlserver 0:1 http://localhost:9101
2016-07-13 15:42:40 INFO  Main:27 - Gracefully restarting worker 0:0
2016-07-13 15:42:40 INFO  Main:28 - Switching worker to Draining mode
2016-07-13 15:42:40 INFO  Main:32 - Connecting to JMX endpoint jmx://localhost:9400
2016-07-13 15:42:40 INFO  Main:50 - No active sessions.
2016-07-13 15:42:41 INFO  Main:58 - Sending stop signal to process 99956. Sleeping 60 secs
2016-07-13 15:42:42 INFO  Main:62 - Switch worker to Non-disabled mode
2016-07-13 15:42:42 INFO  Main:75 - Graceful restart complete
2016-07-13 15:42:43 FATAL Main:117 - Connection refused to host: 192.168.224.137; nested exception is: 
	java.net.ConnectException: Connection refused: connect
2016-07-13 15:43:52 INFO  Main:86 - Locating vizqlserver-cluster workers from balancer-manager
2016-07-13 15:43:53 INFO  Main:21 - vizqlserver 0:0 http://localhost:9100
2016-07-13 15:43:53 INFO  Main:21 - vizqlserver 0:1 http://localhost:9101
2016-07-13 15:44:12 INFO  Main:27 - Gracefully restarting worker 0:0
2016-07-13 15:44:19 INFO  Main:28 - Switching worker to Draining mode
2016-07-13 15:44:28 INFO  Main:32 - Connecting to JMX endpoint jmx://localhost:9400
2016-07-13 15:44:42 INFO  Main:50 - No active sessions.
2016-07-13 15:44:42 INFO  Main:58 - Sending stop signal to process 113988. Sleeping 60 secs
2016-07-13 15:44:43 INFO  Main:62 - Switch worker to Non-disabled mode
2016-07-13 15:44:43 INFO  Main:75 - Graceful restart complete
2016-07-13 15:45:35 INFO  Main:86 - Locating vizqlserver-cluster workers from balancer-manager
2016-07-13 15:45:36 INFO  Main:21 - vizqlserver 0:0 http://localhost:9100
2016-07-13 15:45:36 INFO  Main:21 - vizqlserver 0:1 http://localhost:9101
2016-07-13 15:45:36 INFO  Main:27 - Gracefully restarting worker 0:0
2016-07-13 15:45:36 INFO  Main:28 - Switching worker to Draining mode
2016-07-13 15:45:36 INFO  Main:32 - Connecting to JMX endpoint jmx://localhost:9400
2016-07-13 15:45:36 INFO  Main:50 - No active sessions.
2016-07-13 15:45:37 INFO  Main:58 - Sending stop signal to process 152960. Sleeping 60 secs
2016-07-13 15:45:38 INFO  Main:62 - Switch worker to Non-disabled mode
2016-07-13 15:45:38 INFO  Main:75 - Graceful restart complete
2016-07-13 15:45:39 FATAL Main:117 - [Ljava.lang.StackTraceElement;@c234584
2016-07-13 15:46:42 INFO  Main:86 - Locating vizqlserver-cluster workers from balancer-manager
2016-07-13 15:46:43 INFO  Main:21 - vizqlserver 0:0 http://localhost:9100
2016-07-13 15:46:43 INFO  Main:21 - vizqlserver 0:1 http://localhost:9101
2016-07-13 15:46:43 INFO  Main:27 - Gracefully restarting worker 0:0
2016-07-13 15:46:43 INFO  Main:28 - Switching worker to Draining mode
2016-07-13 15:46:43 INFO  Main:32 - Connecting to JMX endpoint jmx://localhost:9400
2016-07-13 15:46:43 INFO  Main:50 - No active sessions.
2016-07-13 15:46:44 INFO  Main:58 - Sending stop signal to process 80884. Sleeping 60 secs
2016-07-13 15:46:44 INFO  Main:62 - Switch worker to Non-disabled mode
2016-07-13 15:46:44 INFO  Main:75 - Graceful restart complete
2016-07-13 15:46:46 FATAL Main:118 - Connection refused to host: 192.168.224.137; nested exception is: 
	java.net.ConnectException: Connection refused: connect
2016-07-13 15:47:49 INFO  Main:86 - Locating vizqlserver-cluster workers from balancer-manager
2016-07-13 15:47:51 INFO  Main:21 - vizqlserver 0:0 http://localhost:9100
2016-07-13 15:47:51 INFO  Main:21 - vizqlserver 0:1 http://localhost:9101
2016-07-13 15:47:51 INFO  Main:27 - Gracefully restarting worker 0:0
2016-07-13 15:47:51 INFO  Main:28 - Switching worker to Draining mode
2016-07-13 15:47:51 INFO  Main:32 - Connecting to JMX endpoint jmx://localhost:9400
2016-07-13 15:47:51 INFO  Main:50 - No active sessions.
2016-07-13 15:47:52 INFO  Main:58 - Sending stop signal to process 119672. Sleeping 60 secs
2016-07-13 15:47:53 INFO  Main:62 - Switch worker to Non-disabled mode
2016-07-13 15:47:53 INFO  Main:75 - Graceful restart complete
2016-07-13 15:47:54 FATAL Main:118 - Connection refused to host: 192.168.224.137; nested exception is: 
	java.net.ConnectException: Connection refused: connect
2016-07-13 15:50:21 INFO  Main:86 - Locating vizqlserver-cluster workers from balancer-manager
2016-07-13 15:50:22 INFO  Main:21 - vizqlserver 0:0 http://localhost:9100
2016-07-13 15:50:22 INFO  Main:21 - vizqlserver 0:1 http://localhost:9101
2016-07-13 15:50:22 INFO  Main:27 - Gracefully restarting worker 0:0
2016-07-13 15:50:22 INFO  Main:28 - Switching worker to Draining mode
2016-07-13 15:50:22 INFO  Main:32 - Connecting to JMX endpoint jmx://localhost:9400
2016-07-13 15:50:22 INFO  Main:50 - No active sessions.
2016-07-13 15:50:23 INFO  Main:58 - Sending stop signal to process 60768. Sleeping 60 secs
2016-07-13 15:50:24 INFO  Main:62 - Switch worker to Non-disabled mode
2016-07-13 15:50:24 INFO  Main:75 - Graceful restart complete
2016-07-13 15:50:25 INFO  Main:27 - Gracefully restarting worker 0:1
2016-07-13 15:50:25 INFO  Main:28 - Switching worker to Draining mode
2016-07-13 15:50:25 INFO  Main:32 - Connecting to JMX endpoint jmx://localhost:9401
2016-07-13 15:50:25 INFO  Main:50 - No active sessions.
2016-07-13 15:50:25 INFO  Main:58 - Sending stop signal to process 107472. Sleeping 60 secs
2016-07-13 15:50:26 INFO  Main:62 - Switch worker to Non-disabled mode
2016-07-13 15:50:26 INFO  Main:75 - Graceful restart complete
2016-07-13 15:51:44 INFO  Main:86 - Locating vizqlserver-cluster workers from balancer-manager
2016-07-13 15:51:45 INFO  Main:21 - vizqlserver 0:0 http://localhost:9100
2016-07-13 15:51:45 INFO  Main:21 - vizqlserver 0:1 http://localhost:9101
2016-07-13 15:51:45 INFO  Main:27 - Gracefully restarting worker 0:0
2016-07-13 15:51:45 INFO  Main:28 - Switching worker to Draining mode
2016-07-13 15:51:45 INFO  Main:32 - Connecting to JMX endpoint jmx://localhost:9400
2016-07-13 15:51:45 INFO  Main:50 - No active sessions.
2016-07-13 15:51:46 INFO  Main:58 - Sending stop signal to process 132256. Sleeping 60 secs
2016-07-13 15:51:47 INFO  Main:62 - Switch worker to Non-disabled mode
2016-07-13 15:51:47 INFO  Main:75 - Graceful restart complete
2016-07-13 15:51:48 INFO  Main:55 - Connection refused to host: 192.168.224.137; nested exception is: 
	java.net.ConnectException: Connection refused: connect
2016-07-13 15:51:48 INFO  Main:27 - Gracefully restarting worker 0:1
2016-07-13 15:51:48 INFO  Main:28 - Switching worker to Draining mode
2016-07-13 15:51:48 INFO  Main:32 - Connecting to JMX endpoint jmx://localhost:9401
2016-07-13 15:51:48 INFO  Main:50 - No active sessions.
2016-07-13 15:51:51 INFO  Main:58 - Sending stop signal to process 125864. Sleeping 60 secs
2016-07-13 15:51:52 INFO  Main:62 - Switch worker to Non-disabled mode
2016-07-13 15:51:52 INFO  Main:75 - Graceful restart complete
2016-07-13 15:51:53 INFO  Main:55 - Connection refused to host: 192.168.224.137; nested exception is: 
	java.net.ConnectException: Connection refused: connect
2016-07-13 15:52:39 INFO  Main:86 - Locating vizqlserver-cluster workers from balancer-manager
2016-07-13 15:52:50 INFO  Main:125 - Cannot found the required MBean service:jmx:rmi:///jndi/rmi://:9401/jmxrmi:tableau.health.jmx:name=vizqlservice
Retrying...
2016-07-13 15:53:50 INFO  Main:21 - vizqlserver 0:0 http://localhost:9100
2016-07-13 15:53:50 INFO  Main:21 - vizqlserver 0:1 http://localhost:9101
2016-07-13 15:53:50 INFO  Main:27 - Gracefully restarting worker 0:0
2016-07-13 15:53:50 INFO  Main:28 - Switching worker to Draining mode
2016-07-13 15:53:50 INFO  Main:32 - Connecting to JMX endpoint jmx://localhost:9400
2016-07-13 15:53:50 INFO  Main:50 - No active sessions.
2016-07-13 15:53:50 INFO  Main:58 - Sending stop signal to process 90464. Sleeping 60 secs
2016-07-13 15:54:51 INFO  Main:62 - Switch worker to Non-disabled mode
2016-07-13 15:54:52 INFO  Main:75 - Graceful restart complete
2016-07-13 15:54:52 INFO  Main:27 - Gracefully restarting worker 0:1
2016-07-13 15:54:52 INFO  Main:28 - Switching worker to Draining mode
2016-07-13 15:54:52 INFO  Main:32 - Connecting to JMX endpoint jmx://localhost:9401
2016-07-13 15:54:52 INFO  Main:50 - No active sessions.
2016-07-13 15:54:52 INFO  Main:58 - Sending stop signal to process 172960. Sleeping 60 secs
2016-07-13 15:55:53 INFO  Main:62 - Switch worker to Non-disabled mode
2016-07-13 15:55:53 INFO  Main:75 - Graceful restart complete
2016-07-13 15:56:33 INFO  Main:86 - Locating vizqlserver-cluster workers from balancer-manager
2016-07-13 15:56:34 INFO  Main:22 - vizqlserver 0:0 http://localhost:9100
2016-07-13 15:56:34 INFO  Main:22 - vizqlserver 0:1 http://localhost:9101
2016-07-13 15:56:34 INFO  Main:27 - Gracefully restarting worker 0:0
2016-07-13 15:56:34 INFO  Main:28 - Switching worker to Draining mode
2016-07-13 15:56:34 INFO  Main:32 - Connecting to JMX endpoint jmx://localhost:9400
2016-07-13 15:56:34 INFO  Main:50 - No active sessions.
2016-07-13 15:56:35 INFO  Main:58 - Sending stop signal to process 177380. Sleeping 60 secs
2016-07-13 15:57:35 INFO  Main:62 - Switch worker to Non-disabled mode
2016-07-13 15:57:35 INFO  Main:75 - Graceful restart complete
2016-07-13 15:57:35 INFO  Main:27 - Gracefully restarting worker 0:1
2016-07-13 15:57:35 INFO  Main:28 - Switching worker to Draining mode
2016-07-13 15:57:35 INFO  Main:32 - Connecting to JMX endpoint jmx://localhost:9401
2016-07-13 15:57:35 INFO  Main:50 - No active sessions.
2016-07-13 15:57:36 INFO  Main:58 - Sending stop signal to process 5040. Sleeping 60 secs
2016-07-13 15:58:36 INFO  Main:62 - Switch worker to Non-disabled mode
2016-07-13 15:58:36 INFO  Main:75 - Graceful restart complete
2016-07-13 16:04:05 FATAL Main:137 - wait must be a positive number!
2016-07-13 16:04:12 INFO  Main:78 - Locating vizqlserver-cluster workers from balancer-manager
2016-07-13 16:04:13 INFO  Main:22 - vizqlserver 0:0 http://localhost:9100
2016-07-13 16:04:13 INFO  Main:22 - vizqlserver 0:1 http://localhost:9101
2016-07-13 16:04:13 INFO  Main:27 - Gracefully restarting worker 0:0
2016-07-13 16:04:13 INFO  Main:28 - Switching worker to Draining mode
2016-07-13 16:04:13 INFO  Main:32 - Connecting to JMX endpoint jmx://localhost:9400
2016-07-13 16:04:13 INFO  Main:49 - No active sessions.
2016-07-13 16:04:14 INFO  Main:54 - Sending stop signal to process 21272. Sleeping 60 secs
2016-07-13 16:04:15 INFO  Main:58 - Switch worker to Non-disabled mode
2016-07-13 16:04:15 INFO  Main:68 - Graceful restart complete
2016-07-13 16:04:16 INFO  Main:55 - Connection refused to host: 192.168.224.137; nested exception is: 
	java.net.ConnectException: Connection refused: connect
2016-07-13 16:04:16 INFO  Main:27 - Gracefully restarting worker 0:1
2016-07-13 16:04:16 INFO  Main:28 - Switching worker to Draining mode
2016-07-13 16:04:16 INFO  Main:32 - Connecting to JMX endpoint jmx://localhost:9401
2016-07-13 16:04:16 INFO  Main:49 - No active sessions.
2016-07-13 16:04:16 INFO  Main:54 - Sending stop signal to process 18228. Sleeping 60 secs
2016-07-13 16:04:17 INFO  Main:58 - Switch worker to Non-disabled mode
2016-07-13 16:04:17 INFO  Main:68 - Graceful restart complete
2016-07-13 16:04:18 INFO  Main:55 - Connection refused to host: 192.168.224.137; nested exception is: 
	java.net.ConnectException: Connection refused: connect
2016-07-13 16:09:35 INFO  Main:108 - Restarting Cache Server(s)
2016-07-13 16:09:35 INFO  Main:111 - There are 2 ports
2016-07-13 16:09:35 INFO  Main:113 - Restarting Cache server at port 6379
2016-07-13 16:09:36 INFO  Main:113 - Restarting Cache server at port 6380
2016-07-13 16:09:37 INFO  Main:100 - Restarting Gateway
2016-07-13 16:09:38 INFO  Main:78 - Locating vizqlserver-cluster workers from balancer-manager
2016-07-13 16:09:41 FATAL Main:137 - Connect to localhost:80 [localhost/127.0.0.1, localhost/0:0:0:0:0:0:0:1] failed: Connection refused: connect
2016-07-13 17:34:29 FATAL Main:151 - Cannot run program "stop": CreateProcess error=2, A rendszer nem találja a megadott fájlt
2016-07-13 17:35:07 FATAL Main:151 - Cannot run program "stop": CreateProcess error=2, A rendszer nem találja a megadott fájlt
2016-07-13 17:36:49 FATAL Main:151 - Could not find ^pgsql\.pgctl: (.*)$ in c:\ProgramData\Tableau\Tableau Server\data\tabsvc\config//redis.conf
2016-07-13 17:53:40 INFO  Main:108 - Restarting Repository
2016-07-13 17:53:45 INFO  Main:114 - Restarting Cache Server(s)
2016-07-13 17:53:45 INFO  Main:117 - There are 2 ports
2016-07-13 17:53:45 INFO  Main:119 - Restarting Cache server at port 6379
2016-07-13 17:53:50 INFO  Main:119 - Restarting Cache server at port 6380
2016-07-13 17:53:55 INFO  Main:79 - Locating vizqlserver-cluster workers from balancer-manager
2016-07-13 17:53:56 INFO  Main:23 - vizqlserver 0:0 http://localhost:9100
2016-07-13 17:53:56 INFO  Main:23 - vizqlserver 0:1 http://localhost:9101
2016-07-13 17:53:56 INFO  Main:28 - Gracefully restarting worker 0:0
2016-07-13 17:53:56 INFO  Main:29 - Switching worker to Draining mode
2016-07-13 17:53:56 INFO  Main:33 - Connecting to JMX endpoint jmx://localhost:9400
2016-07-13 17:53:56 INFO  Main:50 - No active sessions.
2016-07-13 17:53:56 INFO  Main:55 - Sending stop signal to process 174084. Sleeping 60 secs
2016-07-13 17:54:02 INFO  Main:59 - Switch worker to Non-disabled mode
2016-07-13 17:54:02 INFO  Main:69 - Graceful restart complete
2016-07-13 17:54:02 INFO  Main:28 - Gracefully restarting worker 0:1
2016-07-13 17:54:02 INFO  Main:29 - Switching worker to Draining mode
2016-07-13 17:54:02 INFO  Main:33 - Connecting to JMX endpoint jmx://localhost:9401
2016-07-13 17:54:02 INFO  Main:50 - No active sessions.
2016-07-13 17:54:03 INFO  Main:55 - Sending stop signal to process 174444. Sleeping 60 secs
2016-07-13 17:54:09 INFO  Main:59 - Switch worker to Non-disabled mode
2016-07-13 17:54:09 INFO  Main:69 - Graceful restart complete
2016-07-13 17:54:10 INFO  Main:91 - Locating dataserever-cluster workers from balancer-manager
2016-07-13 17:54:11 INFO  Main:23 - vizqlserver 0:0 http://localhost:9700
2016-07-13 17:54:11 INFO  Main:23 - vizqlserver 0:1 http://localhost:9701
2016-07-13 17:54:11 INFO  Main:28 - Gracefully restarting worker 0:0
2016-07-13 17:54:11 INFO  Main:29 - Switching worker to Draining mode
2016-07-13 17:54:11 INFO  Main:33 - Connecting to JMX endpoint jmx://localhost:10000
2016-07-13 17:54:11 INFO  Main:50 - No active sessions.
2016-07-13 17:54:15 INFO  Main:55 - Sending stop signal to process 122072. Sleeping 60 secs
2016-07-13 17:54:22 INFO  Main:59 - Switch worker to Non-disabled mode
2016-07-13 17:54:22 INFO  Main:69 - Graceful restart complete
2016-07-13 17:54:23 INFO  Main:55 - Connection refused to host: 192.168.224.137; nested exception is: 
	java.net.ConnectException: Connection refused: connect
2016-07-13 17:54:23 INFO  Main:28 - Gracefully restarting worker 0:1
2016-07-13 17:54:23 INFO  Main:29 - Switching worker to Draining mode
2016-07-13 17:54:23 INFO  Main:33 - Connecting to JMX endpoint jmx://localhost:10001
2016-07-13 17:54:23 INFO  Main:50 - No active sessions.
2016-07-13 17:54:25 INFO  Main:55 - Sending stop signal to process 89264. Sleeping 60 secs
2016-07-13 17:54:30 INFO  Main:59 - Switch worker to Non-disabled mode
2016-07-13 17:54:30 INFO  Main:69 - Graceful restart complete
2016-07-13 17:54:31 INFO  Main:101 - Restarting Gateway
